<?xml version="1.0" encoding="UTF-8"?>
<testsuite name="com.jikgeunbap.demo.JikgeunbapServerApplicationTests" tests="1" skipped="0" failures="0" errors="0" timestamp="2026-03-13T12:28:07" hostname="iyugeon-ui-MacBookAir.local" time="0.386">
  <properties/>
  <testcase name="contextLoads()" classname="com.jikgeunbap.demo.JikgeunbapServerApplicationTests" time="0.386"/>
  <system-out><![CDATA[21:28:05.555 [Test worker] INFO org.springframework.test.context.support.AnnotationConfigContextLoaderUtils -- Could not detect default configuration classes for test class [com.jikgeunbap.demo.JikgeunbapServerApplicationTests]: JikgeunbapServerApplicationTests does not declare any static, non-private, non-final, nested classes annotated with @Configuration.
21:28:05.598 [Test worker] INFO org.springframework.boot.test.context.SpringBootTestContextBootstrapper -- Found @SpringBootConfiguration com.jikgeunbap.JikgeunbapServerApplication for test class com.jikgeunbap.demo.JikgeunbapServerApplicationTests

  .   ____          _            __ _ _
 /\\ / ___'_ __ _ _(_)_ __  __ _ \ \ \ \
( ( )\___ | '_ | '_| | '_ \/ _` | \ \ \ \
 \\/  ___)| |_)| | | | | || (_| |  ) ) ) )
  '  |____| .__|_| |_|_| |_\__, | / / / /
 =========|_|==============|___/=/_/_/_/
 :: Spring Boot ::                (v3.2.3)

2026-03-13T21:28:05.762+09:00  INFO 8798 --- [jikgeunbap-server] [    Test worker] c.j.d.JikgeunbapServerApplicationTests   : Starting JikgeunbapServerApplicationTests using Java 17.0.9 with PID 8798 (started by leeugun123 in /Users/leeugun123/Desktop/project/JikGeunBap/backend)
2026-03-13T21:28:05.764+09:00  INFO 8798 --- [jikgeunbap-server] [    Test worker] c.j.d.JikgeunbapServerApplicationTests   : No active profile set, falling back to 1 default profile: "default"
2026-03-13T21:28:06.021+09:00  INFO 8798 --- [jikgeunbap-server] [    Test worker] .s.d.r.c.RepositoryConfigurationDelegate : Bootstrapping Spring Data JPA repositories in DEFAULT mode.
2026-03-13T21:28:06.040+09:00  INFO 8798 --- [jikgeunbap-server] [    Test worker] .s.d.r.c.RepositoryConfigurationDelegate : Finished Spring Data repository scanning in 16 ms. Found 1 JPA repository interface.
2026-03-13T21:28:06.198+09:00  INFO 8798 --- [jikgeunbap-server] [    Test worker] o.hibernate.jpa.internal.util.LogHelper  : HHH000204: Processing PersistenceUnitInfo [name: default]
2026-03-13T21:28:06.220+09:00  INFO 8798 --- [jikgeunbap-server] [    Test worker] org.hibernate.Version                    : HHH000412: Hibernate ORM core version 6.4.4.Final
2026-03-13T21:28:06.232+09:00  INFO 8798 --- [jikgeunbap-server] [    Test worker] o.h.c.internal.RegionFactoryInitiator    : HHH000026: Second-level cache disabled
2026-03-13T21:28:06.318+09:00  INFO 8798 --- [jikgeunbap-server] [    Test worker] o.s.o.j.p.SpringPersistenceUnitInfo      : No LoadTimeWeaver setup: ignoring JPA class transformer
2026-03-13T21:28:06.330+09:00  INFO 8798 --- [jikgeunbap-server] [    Test worker] com.zaxxer.hikari.HikariDataSource       : HikariPool-1 - Starting...
2026-03-13T21:28:06.414+09:00  INFO 8798 --- [jikgeunbap-server] [    Test worker] com.zaxxer.hikari.pool.HikariPool        : HikariPool-1 - Added connection conn0: url=jdbc:h2:mem:jikgeunbapdb user=SA
2026-03-13T21:28:06.415+09:00  INFO 8798 --- [jikgeunbap-server] [    Test worker] com.zaxxer.hikari.HikariDataSource       : HikariPool-1 - Start completed.
2026-03-13T21:28:06.748+09:00  INFO 8798 --- [jikgeunbap-server] [    Test worker] o.h.e.t.j.p.i.JtaPlatformInitiator       : HHH000489: No JTA platform available (set 'hibernate.transaction.jta.platform' to enable JTA platform integration)
Hibernate: 
    drop table if exists restaurants cascade 
Hibernate: 
    create table restaurants (
        latitude float(53),
        longitude float(53),
        rating float(53),
        rating_count integer,
        id bigint generated by default as identity,
        category varchar(255),
        name varchar(255),
        tags varchar(255),
        primary key (id)
    )
2026-03-13T21:28:06.763+09:00  INFO 8798 --- [jikgeunbap-server] [    Test worker] j.LocalContainerEntityManagerFactoryBean : Initialized JPA EntityManagerFactory for persistence unit 'default'
2026-03-13T21:28:07.059+09:00  WARN 8798 --- [jikgeunbap-server] [    Test worker] JpaBaseConfiguration$JpaWebConfiguration : spring.jpa.open-in-view is enabled by default. Therefore, database queries may be performed during view rendering. Explicitly configure spring.jpa.open-in-view to disable this warning
2026-03-13T21:28:07.239+09:00  INFO 8798 --- [jikgeunbap-server] [    Test worker] o.s.b.a.h2.H2ConsoleAutoConfiguration    : H2 console available at '/h2-console'. Database available at 'jdbc:h2:mem:jikgeunbapdb'
2026-03-13T21:28:07.299+09:00  INFO 8798 --- [jikgeunbap-server] [    Test worker] c.j.d.JikgeunbapServerApplicationTests   : Started JikgeunbapServerApplicationTests in 1.608 seconds (process running for 2.139)
Hibernate: 
    select
        count(*) 
    from
        restaurants r1_0
Hibernate: 
    insert 
    into
        restaurants
        (category, latitude, longitude, name, rating, rating_count, tags, id) 
    values
        (?, ?, ?, ?, ?, ?, ?, default)
Hibernate: 
    insert 
    into
        restaurants
        (category, latitude, longitude, name, rating, rating_count, tags, id) 
    values
        (?, ?, ?, ?, ?, ?, ?, default)
Hibernate: 
    insert 
    into
        restaurants
        (category, latitude, longitude, name, rating, rating_count, tags, id) 
    values
        (?, ?, ?, ?, ?, ?, ?, default)
Hibernate: 
    insert 
    into
        restaurants
        (category, latitude, longitude, name, rating, rating_count, tags, id) 
    values
        (?, ?, ?, ?, ?, ?, ?, default)
]]></system-out>
  <system-err><![CDATA[]]></system-err>
</testsuite>
